#
# A fatal error has been detected by the Java Runtime Environment:
#
#  EXCEPTION_ACCESS_VIOLATION (0xc0000005) at pc=0x000001a4b9d41066, pid=21928, tid=0x000000000000383c
#
# JRE version: Java(TM) SE Runtime Environment (8.0_361) (build 1.8.0_361-b09)
# Java VM: Java HotSpot(TM) 64-Bit Server VM (25.361-b09 mixed mode windows-amd64 compressed oops)
# Problematic frame:
# C  [OpenAL64.dll+0x11066]
#
# Failed to write core dump. Minidumps are not enabled by default on client versions of Windows
#
# If you would like to submit a bug report, please visit:
#   http://bugreport.java.com/bugreport/crash.jsp
# The crash happened outside the Java Virtual Machine in native code.
# See problematic frame for where to report the bug.
#

---------------  T H R E A D  ---------------

Current thread (0x000001a4baafd800):  JavaThread "Thread-5" [_thread_in_native, id=14396, stack(0x0000008422030000,0x0000008422130000)]

siginfo: ExceptionCode=0xc0000005, reading address 0x000001a4bac8e004

Registers:
RAX=0x0000000000000004, RBX=0x000001a4bd7c0090, RCX=0x000001a4bac8e008, RDX=0x000001a4bac8e004
RSP=0x000000842212e9f0, RBP=0x00000000000000ff, RSI=0x000001a4bac8defc, RDI=0x0000000000000000
R8 =0x0000000000000042, R9 =0x000001a4bac8defc, R10=0x000001a49da999c2, R11=0x00000000566ac330
R12=0x0000000000000001, R13=0x000001a4bd5e8a30, R14=0x000000842212eb88, R15=0x000001a4baafd800
RIP=0x000001a4b9d41066, EFLAGS=0x0000000000010202

Top of Stack: (sp=0x000000842212e9f0)
0x000000842212e9f0:   fffffffe00000000 000001a4baafd800
0x000000842212ea00:   000001a4bd5e8a30 0000000000000000
0x000000842212ea10:   000001a4bd5e8a30 0000000000000000
0x000000842212ea20:   000001a4baafd800 000000842212eb88
0x000000842212ea30:   000000842212eb50 000000005654364b
0x000000842212ea40:   000000842212ea70 0000000000000013
0x000000842212ea50:   000001a4baa3eb50 000001a4b2eb4310
0x000000842212ea60:   000001a4baafd800 000000842212eb88
0x000000842212ea70:   000001a4bd5e8a30 0000000000000000
0x000000842212ea80:   000001a4bac8defc 00000000eab089d8
0x000000842212ea90:   000000842212eb50 000001a4b9d4248f
0x000000842212eaa0:   000001a4bd7c0090 000001a4bd7c0090
0x000000842212eab0:   000001a40000ac44 000001a400000004
0x000000842212eac0:   0000000000000010 000001a49da999ee
0x000000842212ead0:   000001a4bd5e8a30 000001a49da996e5
0x000000842212eae0:   000001a4bd5e8a30 000000842212eb50 

Instructions: (pc=0x000001a4b9d41066)
0x000001a4b9d41046:   41 2b ec 81 3a 03 00 02 00 75 09 8b 01 89 84 24
0x000001a4b9d41056:   c8 00 00 00 49 83 c0 02 48 83 c1 08 4a 8d 14 86
0x000001a4b9d41066:   39 3a 75 af 4c 8d 84 24 c0 00 00 00 48 8d 15 d7
0x000001a4b9d41076:   2b 03 00 33 c9 e8 58 5f 00 00 b8 40 1f 00 00 4c 


Register to memory mapping:

RAX=0x0000000000000004 is an unknown value
RBX=0x000001a4bd7c0090 is an unknown value
RCX=0x000001a4bac8e008 is an unknown value
RDX=0x000001a4bac8e004 is an unknown value
RSP=0x000000842212e9f0 is pointing into the stack for thread: 0x000001a4baafd800
RBP=0x00000000000000ff is an unknown value
RSI=0x000001a4bac8defc is an unknown value
RDI=0x0000000000000000 is an unknown value
R8 =0x0000000000000042 is an unknown value
R9 =0x000001a4bac8defc is an unknown value
R10=0x000001a49da999c2 is at code_begin+962 in an Interpreter codelet
method entry point (kind = native)  [0x000001a49da99600, 0x000001a49da9a0a0]  2720 bytes
R11=0x00000000566ac330 is an unknown value
R12=0x0000000000000001 is an unknown value
R13={method} {0x000001a4bd5e8a38} 'nalcCreateContext' '(JJ)J' in 'org/lwjgl/openal/ALC10'
R14=0x000000842212eb88 is pointing into the stack for thread: 0x000001a4baafd800
R15=0x000001a4baafd800 is a thread


Stack: [0x0000008422030000,0x0000008422130000],  sp=0x000000842212e9f0,  free space=1018k
Native frames: (J=compiled Java code, j=interpreted, Vv=VM code, C=native code)
C  [OpenAL64.dll+0x11066]
C  [OpenAL64.dll+0x1248f]
C  0x000001a49da999ee

Java frames: (J=compiled Java code, j=interpreted, Vv=VM code)
j  org.lwjgl.openal.ALC10.nalcCreateContext(JJ)J+0
j  org.lwjgl.openal.ALC10.alcCreateContext(Lorg/lwjgl/openal/ALCdevice;Ljava/nio/IntBuffer;)Lorg/lwjgl/openal/ALCcontext;+8
j  org.lwjgl.openal.AL.init(Ljava/lang/String;IIZZ)V+69
j  org.lwjgl.openal.AL.create(Ljava/lang/String;IIZZ)V+246
j  org.lwjgl.openal.AL.create(Ljava/lang/String;IIZ)V+5
j  org.lwjgl.openal.AL.create()V+6
j  paulscode.sound.libraries.LibraryLWJGLOpenAL.init()V+2
j  paulscode.sound.SoundSystem.CommandNewLibrary(Ljava/lang/Class;)V+273
j  paulscode.sound.SoundSystem.CommandQueue(Lpaulscode/sound/CommandObject;)Z+1079
j  paulscode.sound.CommandThread.run()V+51
v  ~StubRoutines::call_stub

---------------  P R O C E S S  ---------------

Java Threads: ( => current thread )
  0x000001a4bab00800 JavaThread "Thread-6" [_thread_blocked, id=16260, stack(0x0000008422130000,0x0000008422230000)]
=>0x000001a4baafd800 JavaThread "Thread-5" [_thread_in_native, id=14396, stack(0x0000008422030000,0x0000008422130000)]
  0x000001a4b2dc3000 JavaThread "DestroyJavaVM" [_thread_blocked, id=10080, stack(0x000000841fa00000,0x000000841fb00000)]
  0x000001a4b2dbf800 JavaThread "Minecraft main thread" [_thread_blocked, id=22336, stack(0x0000008421820000,0x0000008421920000)]
  0x000001a4b2dc2800 JavaThread "Timer hack thread" daemon [_thread_blocked, id=1312, stack(0x0000008421720000,0x0000008421820000)]
  0x000001a4b2dbb000 JavaThread "D3D Screen Updater" daemon [_thread_blocked, id=21428, stack(0x0000008421620000,0x0000008421720000)]
  0x000001a4b2dbc800 JavaThread "AWT-EventQueue-0" [_thread_blocked, id=21796, stack(0x0000008421520000,0x0000008421620000)]
  0x000001a4b2909000 JavaThread "AWT-Windows" daemon [_thread_in_native, id=21792, stack(0x0000008421200000,0x0000008421300000)]
  0x000001a4b2906000 JavaThread "AWT-Shutdown" [_thread_blocked, id=12224, stack(0x0000008421100000,0x0000008421200000)]
  0x000001a4b2904800 JavaThread "Java2D Disposer" daemon [_thread_blocked, id=17184, stack(0x0000008421000000,0x0000008421100000)]
  0x000001a4b2388000 JavaThread "Service Thread" daemon [_thread_blocked, id=5780, stack(0x0000008420e00000,0x0000008420f00000)]
  0x000001a4afe83000 JavaThread "C1 CompilerThread3" daemon [_thread_blocked, id=20868, stack(0x0000008420d00000,0x0000008420e00000)]
  0x000001a4afe7f000 JavaThread "C2 CompilerThread2" daemon [_thread_blocked, id=11016, stack(0x0000008420c00000,0x0000008420d00000)]
  0x000001a4afe6a000 JavaThread "C2 CompilerThread1" daemon [_thread_blocked, id=11116, stack(0x0000008420b00000,0x0000008420c00000)]
  0x000001a4afe68000 JavaThread "C2 CompilerThread0" daemon [_thread_blocked, id=22268, stack(0x0000008420a00000,0x0000008420b00000)]
  0x000001a4afe7b800 JavaThread "Attach Listener" daemon [_thread_blocked, id=808, stack(0x0000008420900000,0x0000008420a00000)]
  0x000001a4afe7a000 JavaThread "Signal Dispatcher" daemon [_thread_blocked, id=18880, stack(0x0000008420800000,0x0000008420900000)]
  0x000001a4afe4c000 JavaThread "Finalizer" daemon [_thread_blocked, id=21884, stack(0x0000008420700000,0x0000008420800000)]
  0x000001a4afe45800 JavaThread "Reference Handler" daemon [_thread_blocked, id=8232, stack(0x0000008420600000,0x0000008420700000)]

Other Threads:
  0x000001a4afe1c000 VMThread [stack: 0x0000008420500000,0x0000008420600000] [id=2532]
  0x000001a4b23a1800 WatcherThread [stack: 0x0000008420f00000,0x0000008421000000] [id=6048]

VM state:not at safepoint (normal execution)

VM Mutex/Monitor currently owned by a thread: None

heap address: 0x00000000c0000000, size: 1024 MB, Compressed Oops mode: 32-bit
Narrow klass base: 0x0000000000000000, Narrow klass shift: 3
Compressed class space size: 1073741824 Address: 0x0000000100000000

Heap:
 PSYoungGen      total 305664K, used 76168K [0x00000000eab00000, 0x0000000100000000, 0x0000000100000000)
  eden space 262144K, 29% used [0x00000000eab00000,0x00000000ef5622d8,0x00000000fab00000)
  from space 43520K, 0% used [0x00000000fd580000,0x00000000fd580000,0x0000000100000000)
  to   space 43520K, 0% used [0x00000000fab00000,0x00000000fab00000,0x00000000fd580000)
 ParOldGen       total 699392K, used 0K [0x00000000c0000000, 0x00000000eab00000, 0x00000000eab00000)
  object space 699392K, 0% used [0x00000000c0000000,0x00000000c0000000,0x00000000eab00000)
 Metaspace       used 14647K, capacity 14829K, committed 14976K, reserved 1062912K
  class space    used 1740K, capacity 1799K, committed 1920K, reserved 1048576K

Card table byte_map: [0x000001a4ace40000,0x000001a4ad050000] byte_map_base: 0x000001a4ac840000

Marking Bits: (ParMarkBitMap*) 0x0000000056c6b090
 Begin Bits: [0x000001a4ad1b0000, 0x000001a4ae1b0000)
 End Bits:   [0x000001a4ae1b0000, 0x000001a4af1b0000)

Polling page: 0x000001a49c1f0000

CodeCache: size=245760Kb used=3800Kb max_used=3812Kb free=241959Kb
 bounds [0x000001a49da80000, 0x000001a49de40000, 0x000001a4aca80000]
 total_blobs=1642 nmethods=1019 adapters=537
 compilation: enabled

Compilation events (10 events):
Event: 1.534 Thread 0x000001a4afe83000 1011       3       java.util.zip.ZipFile::access$400 (5 bytes)
Event: 1.535 Thread 0x000001a4afe83000 nmethod 1011 0x000001a49de35450 code [0x000001a49de355a0, 0x000001a49de356d8]
Event: 1.549 Thread 0x000001a4afe83000 1016       3       java.util.WeakHashMap::remove (133 bytes)
Event: 1.550 Thread 0x000001a4afe83000 nmethod 1016 0x000001a49de37950 code [0x000001a49de37b40, 0x000001a49de385f0]
Event: 1.550 Thread 0x000001a4afe83000 1017   !   3       java.util.zip.ZipFile$ZipFileInputStream::close (110 bytes)
Event: 1.550 Thread 0x000001a4afe83000 nmethod 1017 0x000001a49de29c90 code [0x000001a49de29e40, 0x000001a49de2a660]
Event: 1.550 Thread 0x000001a4afe83000 1018       1       sun.misc.URLClassPath$JarLoader::access$600 (5 bytes)
Event: 1.550 Thread 0x000001a4afe68000 1019       4       java.util.concurrent.ConcurrentHashMap::casTabAt (20 bytes)
Event: 1.550 Thread 0x000001a4afe83000 nmethod 1018 0x000001a49de38a50 code [0x000001a49de38ba0, 0x000001a49de38c98]
Event: 1.550 Thread 0x000001a4afe68000 nmethod 1019 0x000001a49de3b990 code [0x000001a49de3bac0, 0x000001a49de3bb38]

GC Heap History (0 events):
No events

Deoptimization events (7 events):
Event: 0.499 Thread 0x000001a49c075000 Uncommon trap: reason=unstable_if action=reinterpret pc=0x000001a49dc83380 method=sun.misc.MetaIndex.mayContain(Ljava/lang/String;)Z @ 38
Event: 0.946 Thread 0x000001a4b2dbf800 Uncommon trap: reason=unstable_if action=reinterpret pc=0x000001a49dc3eac0 method=java.lang.String.indexOf([CII[CIII)I @ 134
Event: 0.951 Thread 0x000001a4b2dbf800 Uncommon trap: reason=unstable_if action=reinterpret pc=0x000001a49dc915a4 method=java.util.Properties.loadConvert([CII[C)Ljava/lang/String; @ 4
Event: 1.165 Thread 0x000001a4b2dbf800 Uncommon trap: reason=predicate action=maybe_recompile pc=0x000001a49ddebb68 method=java.awt.image.BufferedImage.getRGB(IIII[III)[I @ 173
Event: 1.167 Thread 0x000001a4b2dbf800 Uncommon trap: reason=unstable_if action=reinterpret pc=0x000001a49ddf777c method=java.awt.image.DirectColorModel.getAlpha(I)I @ 4
Event: 1.252 Thread 0x000001a4b2dbf800 Uncommon trap: reason=predicate action=maybe_recompile pc=0x000001a49ddfdd5c method=java.awt.image.BufferedImage.getRGB(IIII[III)[I @ 181
Event: 1.328 Thread 0x000001a4b2dbf800 Uncommon trap: reason=unstable_if action=reinterpret pc=0x000001a49dcc689c method=java.util.regex.Pattern$BmpCharProperty.match(Ljava/util/regex/Matcher;ILjava/lang/CharSequence;)Z @ 5

Classes redefined (0 events):
No events

Internal exceptions (10 events):
Event: 0.147 Thread 0x000001a49c075000 Exception <a 'java/lang/NoSuchFieldError': method resolution failed> (0x00000000eaddcf30) thrown at [C:\jenkins\workspace\8-2-build-windows-x64-cygwin\jdk8u361\3183\hotspot\src\share\vm\prims\methodHandles.cpp, line 1188]
Event: 0.149 Thread 0x000001a49c075000 Exception <a 'java/lang/NoSuchFieldError': method resolution failed> (0x00000000eadea300) thrown at [C:\jenkins\workspace\8-2-build-windows-x64-cygwin\jdk8u361\3183\hotspot\src\share\vm\prims\methodHandles.cpp, line 1188]
Event: 0.175 Thread 0x000001a49c075000 Exception <a 'java/io/FileNotFoundException'> (0x00000000eae850c0) thrown at [C:\jenkins\workspace\8-2-build-windows-x64-cygwin\jdk8u361\3183\hotspot\src\share\vm\prims\jni.cpp, line 710]
Event: 1.532 Thread 0x000001a4baafd800 Exception <a 'java/lang/InterruptedException': sleep interrupted> (0x00000000ef043790) thrown at [C:\jenkins\workspace\8-2-build-windows-x64-cygwin\jdk8u361\3183\hotspot\src\share\vm\prims\jvm.cpp, line 3359]
Event: 1.539 Thread 0x000001a4baafd800 Exception <a 'java/security/PrivilegedActionException'> (0x00000000ef07e520) thrown at [C:\jenkins\workspace\8-2-build-windows-x64-cygwin\jdk8u361\3183\hotspot\src\share\vm\prims\jvm.cpp, line 1513]
Event: 1.539 Thread 0x000001a4baafd800 Exception <a 'java/security/PrivilegedActionException'> (0x00000000ef080108) thrown at [C:\jenkins\workspace\8-2-build-windows-x64-cygwin\jdk8u361\3183\hotspot\src\share\vm\prims\jvm.cpp, line 1513]
Event: 1.539 Thread 0x000001a4baafd800 Exception <a 'java/security/PrivilegedActionException'> (0x00000000ef081228) thrown at [C:\jenkins\workspace\8-2-build-windows-x64-cygwin\jdk8u361\3183\hotspot\src\share\vm\prims\jvm.cpp, line 1513]
Event: 1.539 Thread 0x000001a4baafd800 Exception <a 'java/security/PrivilegedActionException'> (0x00000000ef086348) thrown at [C:\jenkins\workspace\8-2-build-windows-x64-cygwin\jdk8u361\3183\hotspot\src\share\vm\prims\jvm.cpp, line 1513]
Event: 1.539 Thread 0x000001a4baafd800 Exception <a 'java/security/PrivilegedActionException'> (0x00000000ef086fa0) thrown at [C:\jenkins\workspace\8-2-build-windows-x64-cygwin\jdk8u361\3183\hotspot\src\share\vm\prims\jvm.cpp, line 1513]
Event: 1.539 Thread 0x000001a4baafd800 Exception <a 'java/security/PrivilegedActionException'> (0x00000000ef087bc8) thrown at [C:\jenkins\workspace\8-2-build-windows-x64-cygwin\jdk8u361\3183\hotspot\src\share\vm\prims\jvm.cpp, line 1513]

Events (10 events):
Event: 1.542 loading class org/lwjgl/openal/ALC10
Event: 1.542 loading class org/lwjgl/openal/ALC10 done
Event: 1.549 loading class org/lwjgl/openal/ALCdevice
Event: 1.549 loading class org/lwjgl/openal/ALCdevice done
Event: 1.549 loading class org/lwjgl/openal/ALCcontext
Event: 1.549 loading class org/lwjgl/openal/ALCcontext done
Event: 1.549 loading class org/lwjgl/openal/Util
Event: 1.549 loading class org/lwjgl/openal/Util done
Event: 1.550 loading class org/lwjgl/openal/OpenALException
Event: 1.550 loading class org/lwjgl/openal/OpenALException done


Dynamic libraries:
0x00007ff796e60000 - 0x00007ff796ea7000 	C:\Program Files\Java\jdk1.8.0_361\bin\javaw.exe
0x00007fffe32b0000 - 0x00007fffe34c7000 	C:\WINDOWS\SYSTEM32\ntdll.dll
0x00007fffe19f0000 - 0x00007fffe1ab4000 	C:\WINDOWS\System32\KERNEL32.DLL
0x00007fffe0c30000 - 0x00007fffe0fd7000 	C:\WINDOWS\System32\KERNELBASE.dll
0x00007fffe2780000 - 0x00007fffe2832000 	C:\WINDOWS\System32\ADVAPI32.dll
0x00007fffe29a0000 - 0x00007fffe2a47000 	C:\WINDOWS\System32\msvcrt.dll
0x00007fffe26d0000 - 0x00007fffe2778000 	C:\WINDOWS\System32\sechost.dll
0x00007fffe08b0000 - 0x00007fffe08d8000 	C:\WINDOWS\System32\bcrypt.dll
0x00007fffe18c0000 - 0x00007fffe19d5000 	C:\WINDOWS\System32\RPCRT4.dll
0x00007fffe0fe0000 - 0x00007fffe118e000 	C:\WINDOWS\System32\USER32.dll
0x00007fffe0760000 - 0x00007fffe0786000 	C:\WINDOWS\System32\win32u.dll
0x00007fffe26a0000 - 0x00007fffe26c9000 	C:\WINDOWS\System32\GDI32.dll
0x00007fffe0b10000 - 0x00007fffe0c29000 	C:\WINDOWS\System32\gdi32full.dll
0x00007fffe0640000 - 0x00007fffe06da000 	C:\WINDOWS\System32\msvcp_win.dll
0x00007fffe0790000 - 0x00007fffe08a1000 	C:\WINDOWS\System32\ucrtbase.dll
0x00007fffd4f30000 - 0x00007fffd51c3000 	C:\WINDOWS\WinSxS\amd64_microsoft.windows.common-controls_6595b64144ccf1df_6.0.22621.3527_none_270e469b73872a76\COMCTL32.dll
0x00007fffe2cc0000 - 0x00007fffe2cf1000 	C:\WINDOWS\System32\IMM32.DLL
0x00007fffd91c0000 - 0x00007fffd91d5000 	C:\Program Files\Java\jdk1.8.0_361\jre\bin\vcruntime140.dll
0x00007fffc9750000 - 0x00007fffc97eb000 	C:\Program Files\Java\jdk1.8.0_361\jre\bin\msvcp140.dll
0x0000000056480000 - 0x0000000056ce3000 	C:\Program Files\Java\jdk1.8.0_361\jre\bin\server\jvm.dll
0x00007fffe2a50000 - 0x00007fffe2a58000 	C:\WINDOWS\System32\PSAPI.DLL
0x00007fffced70000 - 0x00007fffceda4000 	C:\WINDOWS\SYSTEM32\WINMM.dll
0x00007fffd8ff0000 - 0x00007fffd8ffa000 	C:\WINDOWS\SYSTEM32\VERSION.dll
0x00007fffd5980000 - 0x00007fffd5989000 	C:\WINDOWS\SYSTEM32\WSOCK32.dll
0x00007fffe1c90000 - 0x00007fffe1d01000 	C:\WINDOWS\System32\WS2_32.dll
0x00007fffdf6e0000 - 0x00007fffdf6f8000 	C:\WINDOWS\SYSTEM32\kernel.appcore.dll
0x00007fffd83c0000 - 0x00007fffd83d0000 	C:\Program Files\Java\jdk1.8.0_361\jre\bin\verify.dll
0x00007fffcddf0000 - 0x00007fffcde1b000 	C:\Program Files\Java\jdk1.8.0_361\jre\bin\java.dll
0x00007fffd4ca0000 - 0x00007fffd4cb8000 	C:\Program Files\Java\jdk1.8.0_361\jre\bin\zip.dll
0x00007fffe1d90000 - 0x00007fffe25ec000 	C:\WINDOWS\System32\SHELL32.dll
0x00007fffde520000 - 0x00007fffdee16000 	C:\WINDOWS\SYSTEM32\windows.storage.dll
0x00007fffe2ee0000 - 0x00007fffe3268000 	C:\WINDOWS\System32\combase.dll
0x00007fffde3e0000 - 0x00007fffde51e000 	C:\WINDOWS\SYSTEM32\wintypes.dll
0x00007fffe1340000 - 0x00007fffe1435000 	C:\WINDOWS\System32\SHCORE.dll
0x00007fffe2c40000 - 0x00007fffe2c9e000 	C:\WINDOWS\System32\shlwapi.dll
0x00007fffe0500000 - 0x00007fffe0521000 	C:\WINDOWS\SYSTEM32\profapi.dll
0x00007fffa08e0000 - 0x00007fffa0a75000 	C:\Program Files\Java\jdk1.8.0_361\jre\bin\awt.dll
0x00007fffe2b60000 - 0x00007fffe2c37000 	C:\WINDOWS\System32\OLEAUT32.dll
0x00007fffdd960000 - 0x00007fffdd9f7000 	C:\WINDOWS\SYSTEM32\apphelp.dll
0x00007fffddd90000 - 0x00007fffdddbb000 	C:\WINDOWS\system32\DWMAPI.DLL
0x00007fffddb30000 - 0x00007fffddbdb000 	C:\WINDOWS\system32\uxtheme.dll
0x00007fffb8560000 - 0x00007fffb8660000 	C:\WINDOWS\system32\opengl32.dll
0x00007fffc9720000 - 0x00007fffc974d000 	C:\WINDOWS\SYSTEM32\GLU32.dll
0x00007fffddc30000 - 0x00007fffddc69000 	C:\WINDOWS\SYSTEM32\dxcore.dll
0x00007fffe2840000 - 0x00007fffe2993000 	C:\WINDOWS\System32\MSCTF.dll
0x00007fffe1190000 - 0x00007fffe1335000 	C:\WINDOWS\System32\ole32.dll
0x00007fffe06e0000 - 0x00007fffe0759000 	C:\WINDOWS\System32\bcryptPrimitives.dll
0x00007fffac370000 - 0x00007fffac519000 	C:\WINDOWS\system32\d3d9.dll
0x00007fffd6440000 - 0x00007fffd64fe000 	C:\WINDOWS\System32\DriverStore\FileRepository\nv_dispi.inf_amd64_362f239e9bd019fc\nvldumdx.dll
0x00007fffe0260000 - 0x00007fffe0272000 	C:\WINDOWS\SYSTEM32\msasn1.dll
0x00007fffd8d50000 - 0x00007fffd8d82000 	C:\WINDOWS\SYSTEM32\cryptnet.dll
0x00007fffe08e0000 - 0x00007fffe0a48000 	C:\WINDOWS\System32\CRYPT32.dll
0x00007fffd8b00000 - 0x00007fffd8c58000 	C:\WINDOWS\SYSTEM32\drvstore.dll
0x00007fffe0280000 - 0x00007fffe02ac000 	C:\WINDOWS\SYSTEM32\devobj.dll
0x00007fffe02b0000 - 0x00007fffe02fe000 	C:\WINDOWS\SYSTEM32\CFGMGR32.dll
0x00007fffdfe60000 - 0x00007fffdfea9000 	C:\WINDOWS\SYSTEM32\wldp.dll
0x00007fffdfdd0000 - 0x00007fffdfddc000 	C:\WINDOWS\SYSTEM32\cryptbase.dll
0x00007fffe05d0000 - 0x00007fffe063b000 	C:\WINDOWS\System32\wintrust.dll
0x00007fffe2ec0000 - 0x00007fffe2edf000 	C:\WINDOWS\System32\imagehlp.dll
0x00007fffdfdb0000 - 0x00007fffdfdcb000 	C:\WINDOWS\SYSTEM32\CRYPTSP.dll
0x00007fffdf640000 - 0x00007fffdf675000 	C:\WINDOWS\system32\rsaenh.dll
0x00007fffd1790000 - 0x00007fffd39ae000 	C:\WINDOWS\System32\DriverStore\FileRepository\nv_dispi.inf_amd64_362f239e9bd019fc\nvgpucomp64.dll
0x00007fff50210000 - 0x00007fff525bf000 	C:\WINDOWS\System32\DriverStore\FileRepository\nv_dispi.inf_amd64_362f239e9bd019fc\nvd3dumx.dll
0x00007fffdabb0000 - 0x00007fffdabfa000 	C:\WINDOWS\SYSTEM32\directxdatabasehelper.dll
0x00007fff82f90000 - 0x00007fff83261000 	C:\WINDOWS\system32\nvspcap64.dll
0x00007fffdf700000 - 0x00007fffdf734000 	C:\WINDOWS\SYSTEM32\ntmarta.dll
0x00007fffdfbe0000 - 0x00007fffdfc06000 	C:\WINDOWS\SYSTEM32\gpapi.dll
0x00007fffc96d0000 - 0x00007fffc971a000 	C:\Program Files\Java\jdk1.8.0_361\jre\bin\fontmanager.dll
0x00007fffd8de0000 - 0x00007fffd8f2b000 	C:\WINDOWS\SYSTEM32\textinputframework.dll
0x00007fffd4ec0000 - 0x00007fffd4f29000 	C:\WINDOWS\system32\Oleacc.dll
0x00007fffe25f0000 - 0x00007fffe26a0000 	C:\WINDOWS\System32\clbcatq.dll
0x00007fffc1820000 - 0x00007fffc186b000 	C:\WINDOWS\system32\ApplicationTargetedFeatureDatabase.dll
0x00007fffd7100000 - 0x00007fffd738b000 	C:\Windows\System32\twinapi.appcore.dll
0x0000000180000000 - 0x0000000180053000 	D:\Cosas\Inslands\Main\lib\client\natives\lwjgl64.dll
0x00007fffd6830000 - 0x00007fffd68ed000 	C:\WINDOWS\SYSTEM32\mscms.dll
0x00007fffc9540000 - 0x00007fffc958e000 	C:\Windows\System32\Windows.Internal.Graphics.Display.DisplayColorManagement.dll
0x00007fffd14e0000 - 0x00007fffd14e7000 	C:\Program Files\Java\jdk1.8.0_361\jre\bin\jawt.dll
0x00007fffdac40000 - 0x00007fffdad77000 	C:\Windows\System32\AppXDeploymentClient.dll
0x00007fff4d560000 - 0x00007fff50204000 	C:\WINDOWS\System32\DriverStore\FileRepository\nv_dispi.inf_amd64_362f239e9bd019fc\nvoglv64.dll
0x00007fffe1440000 - 0x00007fffe18b4000 	C:\WINDOWS\System32\SETUPAPI.dll
0x00007fffdf4a0000 - 0x00007fffdf4b4000 	C:\WINDOWS\SYSTEM32\WTSAPI32.dll
0x00007fffdf450000 - 0x00007fffdf49d000 	C:\WINDOWS\SYSTEM32\powrprof.dll
0x00007fffdf430000 - 0x00007fffdf443000 	C:\WINDOWS\SYSTEM32\UMPDC.dll
0x00007fffdf070000 - 0x00007fffdf0d6000 	C:\WINDOWS\SYSTEM32\WINSTA.dll
0x00007fffdd580000 - 0x00007fffdd6b3000 	C:\WINDOWS\SYSTEM32\CoreMessaging.dll
0x00007fffda2c0000 - 0x00007fffda62c000 	C:\WINDOWS\SYSTEM32\CoreUIComponents.dll
0x00007fffdfc50000 - 0x00007fffdfc78000 	C:\WINDOWS\SYSTEM32\USERENV.dll
0x00007fffc96b0000 - 0x00007fffc96cc000 	C:\Program Files\Java\jdk1.8.0_361\jre\bin\net.dll
0x00007fffdfb50000 - 0x00007fffdfbb9000 	C:\WINDOWS\system32\mswsock.dll
0x00007fffdf0f0000 - 0x00007fffdf11d000 	C:\WINDOWS\SYSTEM32\IPHLPAPI.DLL
0x00007fffe1d80000 - 0x00007fffe1d89000 	C:\WINDOWS\System32\NSI.dll
0x00007fffdac20000 - 0x00007fffdac39000 	C:\WINDOWS\SYSTEM32\dhcpcsvc6.DLL
0x00007fffdac00000 - 0x00007fffdac1f000 	C:\WINDOWS\SYSTEM32\dhcpcsvc.DLL
0x00007fffdf160000 - 0x00007fffdf258000 	C:\WINDOWS\SYSTEM32\DNSAPI.dll
0x00007fffc9520000 - 0x00007fffc9533000 	C:\Program Files\Java\jdk1.8.0_361\jre\bin\nio.dll
0x00007fffc9180000 - 0x00007fffc91c3000 	C:\Program Files\Java\jdk1.8.0_361\jre\bin\t2k.dll
0x000001a4b9d30000 - 0x000001a4b9d94000 	D:\Cosas\Inslands\Main\lib\client\natives\OpenAL64.dll
0x00007fffce1f0000 - 0x00007fffce28d000 	C:\WINDOWS\System32\MMDevApi.dll
0x00007fff9c710000 - 0x00007fff9c7b2000 	C:\WINDOWS\SYSTEM32\dsound.dll
0x00007fff9c070000 - 0x00007fff9c121000 	C:\WINDOWS\SYSTEM32\ResampleDmo.DLL
0x00007fffae060000 - 0x00007fffae089000 	C:\WINDOWS\SYSTEM32\winmmbase.dll
0x00007fffdbb90000 - 0x00007fffdbb9b000 	C:\WINDOWS\SYSTEM32\msdmo.dll
0x00007fffd05b0000 - 0x00007fffd079c000 	C:\WINDOWS\SYSTEM32\AUDIOSES.DLL
0x00007fffd7e80000 - 0x00007fffd80b2000 	C:\WINDOWS\SYSTEM32\dbghelp.dll

VM Arguments:
jvm_args: -Xmx1024M -Xms1024M -Djava.util.Arrays.useLegacyMergeSort=true -Dhttp.proxyHost=betacraft.uk -Dhttp.proxyPort=11705 -Djava.library.path=D:\Cosas\Inslands\Main\lib\client\natives -Dfile.encoding=Cp1252 
java_command: Start
java_class_path (initial): D:\Cosas\Inslands\Main\workspace\Client\bin;D:\Cosas\Inslands\Main\lib\client\jinput.jar;D:\Cosas\Inslands\Main\lib\client\lwjgl_util.jar;D:\Cosas\Inslands\Main\lib\client\lwjgl.jar;D:\Cosas\Inslands\Main\lib\client\minecraft.jar
Launcher Type: SUN_STANDARD

Environment Variables:
PATH=D:/Cosas/eclipse//plugins/org.eclipse.justj.openjdk.hotspot.jre.full.win32.x86_64_15.0.1.v20201027-0507/jre/bin/server;D:/Cosas/eclipse//plugins/org.eclipse.justj.openjdk.hotspot.jre.full.win32.x86_64_15.0.1.v20201027-0507/jre/bin;C:\Program Files\ImageMagick-7.1.0-Q16-HDRI;C:\Program Files (x86)\Common Files\Oracle\Java\javapath;C:\WINDOWS\system32;C:\WINDOWS;C:\WINDOWS\System32\Wbem;C:\WINDOWS\System32\WindowsPowerShell\v1.0\;C:\WINDOWS\System32\OpenSSH\;C:\Program Files\Git\cmd;C:\Program Files\Git\mingw64\bin;C:\Program Files\Git\usr\bin;C:\Program Files\WinMerge;C:\Program Files (x86)\NVIDIA Corporation\PhysX\Common;C:\Program Files\NVIDIA Corporation\NVIDIA NvDLISR;C:\cosas\ffmpeg-6.0-essentials_build\bin;C:\Users\na_th\AppData\Local\Programs\Python\Python310\Scripts\;C:\Users\na_th\AppData\Local\Programs\Python\Python310\;C:\Users\na_th\AppData\Local\Microsoft\WindowsApps;;D:\Cosas\eclipse;
USERNAME=Popotoch
OS=Windows_NT
PROCESSOR_IDENTIFIER=AMD64 Family 23 Model 96 Stepping 1, AuthenticAMD



---------------  S Y S T E M  ---------------

OS: Windows 11 , 64 bit Build 22621 (10.0.22621.3527)

CPU:total 12 (initial active 12) (12 cores per cpu, 1 threads per core) family 23 model 96 stepping 1, cmov, cx8, fxsr, mmx, sse, sse2, sse3, ssse3, sse4.1, sse4.2, popcnt, avx, avx2, aes, clmul, mmxext, 3dnowpref, lzcnt, sse4a, tsc, tscinvbit, tscinv, bmi1

Memory: 4k page, physical 16559716k(8754648k free), swap 19836516k(7658100k free)

vm_info: Java HotSpot(TM) 64-Bit Server VM (25.361-b09) for windows-amd64 JRE (1.8.0_361-b09), built on Jan  9 2023 08:38:53 by "java_re" with MS VC++ 15.9 (VS2017)

time: Wed Jun  5 14:50:44 2024
timezone: Hora de verano romance
elapsed time: 1.577922 seconds (0d 0h 0m 1s)

