#
# There is insufficient memory for the Java Runtime Environment to continue.
# Native memory allocation (malloc) failed to allocate 254656 bytes for Chunk::new
# Possible reasons:
#   The system is out of physical RAM or swap space
#   The process is running with CompressedOops enabled, and the Java Heap may be blocking the growth of the native heap
# Possible solutions:
#   Reduce memory load on the system
#   Increase physical memory or swap space
#   Check if swap backing store is full
#   Decrease Java heap size (-Xmx/-Xms)
#   Decrease number of Java threads
#   Decrease Java thread stack sizes (-Xss)
#   Set larger code cache with -XX:ReservedCodeCacheSize=
#   JVM is running with Unscaled Compressed Oops mode in which the Java heap is
#     placed in the first 4GB address space. The Java Heap base address is the
#     maximum limit for the native heap growth. Please use -XX:HeapBaseMinAddress
#     to set the Java Heap base and to place the Java Heap above 4GB virtual address.
# This output file may be truncated or incomplete.
#
#  Out of Memory Error (allocation.cpp:389), pid=1116, tid=0x00000000000014dc
#
# JRE version: OpenJDK Runtime Environment (Zulu 8.78.0.19-CA-win64) (8.0_412-b08) (build 1.8.0_412-b08)
# Java VM: OpenJDK 64-Bit Server VM (25.412-b08 mixed mode windows-amd64 compressed oops)
# Failed to write core dump. Minidumps are not enabled by default on client versions of Windows
#

---------------  T H R E A D  ---------------

Current thread (0x0000025c7b1ab000):  JavaThread "C2 CompilerThread1" daemon [_thread_in_native, id=5340, stack(0x000000a81e900000,0x000000a81ea00000)]

Stack: [0x000000a81e900000,0x000000a81ea00000]
[error occurred during error reporting (printing stack bounds), id 0xc0000005]

Native frames: (J=compiled Java code, j=interpreted, Vv=VM code, C=native code)


Current CompileTask:
C2:  22160 2266 %     4       net.minecraft.src.RenderGlobal::renderSortedRenderers @ 17 (344 bytes)


---------------  P R O C E S S  ---------------

Java Threads: ( => current thread )
  0x0000025c7bf3f000 JavaThread "Keep-Alive-Timer" daemon [_thread_blocked, id=7104, stack(0x000000a81fb00000,0x000000a81fc00000)]
  0x0000025c7bfeb000 JavaThread "Thread-6" [_thread_blocked, id=6756, stack(0x000000a81f700000,0x000000a81f800000)]
  0x0000025c7cbb2000 JavaThread "Thread-5" [_thread_blocked, id=7008, stack(0x000000a81f600000,0x000000a81f700000)]
  0x0000025c75ef7000 JavaThread "DestroyJavaVM" [_thread_blocked, id=6560, stack(0x000000a81de00000,0x000000a81df00000)]
  0x0000025c7c4e6800 JavaThread "Minecraft main thread" [_thread_in_native, id=2660, stack(0x000000a81f200000,0x000000a81f300000)]
  0x0000025c7c4ca800 JavaThread "Timer hack thread" daemon [_thread_blocked, id=5452, stack(0x000000a81f100000,0x000000a81f200000)]
  0x0000025c7c132800 JavaThread "AWT-EventQueue-0" [_thread_blocked, id=6588, stack(0x000000a81f000000,0x000000a81f100000)]
  0x0000025c7c103000 JavaThread "AWT-Windows" daemon [_thread_in_native, id=7268, stack(0x000000a81ef00000,0x000000a81f000000)]
  0x0000025c7c0ff800 JavaThread "AWT-Shutdown" [_thread_blocked, id=7368, stack(0x000000a81ee00000,0x000000a81ef00000)]
  0x0000025c7c0fc000 JavaThread "Java2D Disposer" daemon [_thread_blocked, id=8076, stack(0x000000a81ed00000,0x000000a81ee00000)]
  0x0000025c7b230000 JavaThread "Service Thread" daemon [_thread_blocked, id=7124, stack(0x000000a81eb00000,0x000000a81ec00000)]
  0x0000025c7b1ae000 JavaThread "C1 CompilerThread2" daemon [_thread_blocked, id=3812, stack(0x000000a81ea00000,0x000000a81eb00000)]
=>0x0000025c7b1ab000 JavaThread "C2 CompilerThread1" daemon [_thread_in_native, id=5340, stack(0x000000a81e900000,0x000000a81ea00000)]
  0x0000025c7b1a7800 JavaThread "C2 CompilerThread0" daemon [_thread_blocked, id=6196, stack(0x000000a81e800000,0x000000a81e900000)]
  0x0000025c7b195000 JavaThread "Attach Listener" daemon [_thread_blocked, id=6696, stack(0x000000a81e700000,0x000000a81e800000)]
  0x0000025c7b194000 JavaThread "Signal Dispatcher" daemon [_thread_blocked, id=6596, stack(0x000000a81e600000,0x000000a81e700000)]
  0x0000025c7aa38800 JavaThread "Finalizer" daemon [_thread_blocked, id=964, stack(0x000000a81e500000,0x000000a81e600000)]
  0x0000025c7b176000 JavaThread "Reference Handler" daemon [_thread_blocked, id=4000, stack(0x000000a81e400000,0x000000a81e500000)]

Other Threads:
  0x0000025c7b152800 VMThread [stack: 0x000000a81e300000,0x000000a81e400000] [id=4404]
  0x0000025c7b1e6000 WatcherThread [stack: 0x000000a81ec00000,0x000000a81ed00000] [id=3852]

VM state:not at safepoint (normal execution)

VM Mutex/Monitor currently owned by a thread: None

heap address: 0x00000000c0000000, size: 1024 MB, Compressed Oops mode: 32-bit
Narrow klass base: 0x0000000000000000, Narrow klass shift: 3
Compressed class space size: 1073741824 Address: 0x0000000100000000

Heap:
 PSYoungGen      total 305664K, used 88196K [0x00000000eab00000, 0x0000000100000000, 0x0000000100000000)
  eden space 262144K, 33% used [0x00000000eab00000,0x00000000f01211d0,0x00000000fab00000)
  from space 43520K, 0% used [0x00000000fab00000,0x00000000fab00000,0x00000000fd580000)
  to   space 43520K, 0% used [0x00000000fd580000,0x00000000fd580000,0x0000000100000000)
 ParOldGen       total 699392K, used 49025K [0x00000000c0000000, 0x00000000eab00000, 0x00000000eab00000)
  object space 699392K, 7% used [0x00000000c0000000,0x00000000c2fe04e8,0x00000000eab00000)
 Metaspace       used 21091K, capacity 21327K, committed 21376K, reserved 1069056K
  class space    used 2349K, capacity 2408K, committed 2432K, reserved 1048576K

Card table byte_map: [0x0000025c77bd0000,0x0000025c77de0000] byte_map_base: 0x0000025c775d0000

Marking Bits: (ParMarkBitMap*) 0x00000000508e63c0
 Begin Bits: [0x0000025c77f40000, 0x0000025c78f40000)
 End Bits:   [0x0000025c78f40000, 0x0000025c79f40000)

Polling page: 0x0000025c75ea0000

CodeCache: size=245760Kb used=7981Kb max_used=7982Kb free=237778Kb
 bounds [0x0000025c00000000, 0x0000025c007e0000, 0x0000025c0f000000]
 total_blobs=2791 nmethods=2086 adapters=617
 compilation: enabled

Compilation events (10 events):
Event: 22.080 Thread 0x0000025c7b1ab000 2263       4       java.util.HashMap$HashIterator::hasNext (13 bytes)
Event: 22.081 Thread 0x0000025c7b1ab000 nmethod 2263 0x0000025c003d5e50 code [0x0000025c003d5f80, 0x0000025c003d5ff8]
Event: 22.085 Thread 0x0000025c7b1a7800 nmethod 2261 0x0000025c007d3dd0 code [0x0000025c007d4040, 0x0000025c007d4af8]
Event: 22.086 Thread 0x0000025c7b1ab000 2266 %     4       net.minecraft.src.RenderGlobal::renderSortedRenderers @ 17 (344 bytes)
Event: 22.087 Thread 0x0000025c7b1ae000 2267       3       net.minecraft.src.EntityLiving::getPosition (87 bytes)
Event: 22.088 Thread 0x0000025c7b1ae000 nmethod 2267 0x0000025c007c80d0 code [0x0000025c007c8260, 0x0000025c007c84e0]
Event: 22.102 Thread 0x0000025c7b1ae000 2268       3       paulscode.sound.libraries.SourceLWJGLOpenAL::checkPitch (68 bytes)
Event: 22.104 Thread 0x0000025c7b1ae000 nmethod 2268 0x0000025c007c7690 code [0x0000025c007c7840, 0x0000025c007c7e90]
Event: 22.106 Thread 0x0000025c7b1ae000 2269       3       net.minecraft.src.World::getCelestialAngle (28 bytes)
Event: 22.107 Thread 0x0000025c7b1ae000 nmethod 2269 0x0000025c007c70d0 code [0x0000025c007c7240, 0x0000025c007c7570]

GC Heap History (10 events):
Event: 16.474 GC heap before
{Heap before GC invocations=2 (full 1):
 PSYoungGen      total 305664K, used 24758K [0x00000000eab00000, 0x0000000100000000, 0x0000000100000000)
  eden space 262144K, 0% used [0x00000000eab00000,0x00000000eab00000,0x00000000fab00000)
  from space 43520K, 56% used [0x00000000fab00000,0x00000000fc32d948,0x00000000fd580000)
  to   space 43520K, 0% used [0x00000000fd580000,0x00000000fd580000,0x0000000100000000)
 ParOldGen       total 699392K, used 96K [0x00000000c0000000, 0x00000000eab00000, 0x00000000eab00000)
  object space 699392K, 0% used [0x00000000c0000000,0x00000000c0018010,0x00000000eab00000)
 Metaspace       used 20091K, capacity 20303K, committed 20608K, reserved 1067008K
  class space    used 2275K, capacity 2344K, committed 2432K, reserved 1048576K
Event: 16.627 GC heap after
Heap after GC invocations=2 (full 1):
 PSYoungGen      total 305664K, used 0K [0x00000000eab00000, 0x0000000100000000, 0x0000000100000000)
  eden space 262144K, 0% used [0x00000000eab00000,0x00000000eab00000,0x00000000fab00000)
  from space 43520K, 0% used [0x00000000fab00000,0x00000000fab00000,0x00000000fd580000)
  to   space 43520K, 0% used [0x00000000fd580000,0x00000000fd580000,0x0000000100000000)
 ParOldGen       total 699392K, used 24682K [0x00000000c0000000, 0x00000000eab00000, 0x00000000eab00000)
  object space 699392K, 3% used [0x00000000c0000000,0x00000000c181abe0,0x00000000eab00000)
 Metaspace       used 20091K, capacity 20303K, committed 20608K, reserved 1067008K
  class space    used 2275K, capacity 2344K, committed 2432K, reserved 1048576K
}
Event: 16.627 GC heap before
{Heap before GC invocations=3 (full 1):
 PSYoungGen      total 305664K, used 5242K [0x00000000eab00000, 0x0000000100000000, 0x0000000100000000)
  eden space 262144K, 2% used [0x00000000eab00000,0x00000000eb01eb98,0x00000000fab00000)
  from space 43520K, 0% used [0x00000000fab00000,0x00000000fab00000,0x00000000fd580000)
  to   space 43520K, 0% used [0x00000000fd580000,0x00000000fd580000,0x0000000100000000)
 ParOldGen       total 699392K, used 24682K [0x00000000c0000000, 0x00000000eab00000, 0x00000000eab00000)
  object space 699392K, 3% used [0x00000000c0000000,0x00000000c181abe0,0x00000000eab00000)
 Metaspace       used 20091K, capacity 20303K, committed 20608K, reserved 1067008K
  class space    used 2275K, capacity 2344K, committed 2432K, reserved 1048576K
Event: 16.631 GC heap after
Heap after GC invocations=3 (full 1):
 PSYoungGen      total 305664K, used 32K [0x00000000eab00000, 0x0000000100000000, 0x0000000100000000)
  eden space 262144K, 0% used [0x00000000eab00000,0x00000000eab00000,0x00000000fab00000)
  from space 43520K, 0% used [0x00000000fd580000,0x00000000fd588000,0x0000000100000000)
  to   space 43520K, 0% used [0x00000000fab00000,0x00000000fab00000,0x00000000fd580000)
 ParOldGen       total 699392K, used 24682K [0x00000000c0000000, 0x00000000eab00000, 0x00000000eab00000)
  object space 699392K, 3% used [0x00000000c0000000,0x00000000c181abe0,0x00000000eab00000)
 Metaspace       used 20091K, capacity 20303K, committed 20608K, reserved 1067008K
  class space    used 2275K, capacity 2344K, committed 2432K, reserved 1048576K
}
Event: 16.631 GC heap before
{Heap before GC invocations=4 (full 2):
 PSYoungGen      total 305664K, used 32K [0x00000000eab00000, 0x0000000100000000, 0x0000000100000000)
  eden space 262144K, 0% used [0x00000000eab00000,0x00000000eab00000,0x00000000fab00000)
  from space 43520K, 0% used [0x00000000fd580000,0x00000000fd588000,0x0000000100000000)
  to   space 43520K, 0% used [0x00000000fab00000,0x00000000fab00000,0x00000000fd580000)
 ParOldGen       total 699392K, used 24682K [0x00000000c0000000, 0x00000000eab00000, 0x00000000eab00000)
  object space 699392K, 3% used [0x00000000c0000000,0x00000000c181abe0,0x00000000eab00000)
 Metaspace       used 20091K, capacity 20303K, committed 20608K, reserved 1067008K
  class space    used 2275K, capacity 2344K, committed 2432K, reserved 1048576K
Event: 16.763 GC heap after
Heap after GC invocations=4 (full 2):
 PSYoungGen      total 305664K, used 0K [0x00000000eab00000, 0x0000000100000000, 0x0000000100000000)
  eden space 262144K, 0% used [0x00000000eab00000,0x00000000eab00000,0x00000000fab00000)
  from space 43520K, 0% used [0x00000000fd580000,0x00000000fd580000,0x0000000100000000)
  to   space 43520K, 0% used [0x00000000fab00000,0x00000000fab00000,0x00000000fd580000)
 ParOldGen       total 699392K, used 24680K [0x00000000c0000000, 0x00000000eab00000, 0x00000000eab00000)
  object space 699392K, 3% used [0x00000000c0000000,0x00000000c181a0d0,0x00000000eab00000)
 Metaspace       used 20091K, capacity 20303K, committed 20608K, reserved 1067008K
  class space    used 2275K, capacity 2344K, committed 2432K, reserved 1048576K
}
Event: 17.884 GC heap before
{Heap before GC invocations=5 (full 2):
 PSYoungGen      total 305664K, used 47250K [0x00000000eab00000, 0x0000000100000000, 0x0000000100000000)
  eden space 262144K, 18% used [0x00000000eab00000,0x00000000ed924800,0x00000000fab00000)
  from space 43520K, 0% used [0x00000000fd580000,0x00000000fd580000,0x0000000100000000)
  to   space 43520K, 0% used [0x00000000fab00000,0x00000000fab00000,0x00000000fd580000)
 ParOldGen       total 699392K, used 24680K [0x00000000c0000000, 0x00000000eab00000, 0x00000000eab00000)
  object space 699392K, 3% used [0x00000000c0000000,0x00000000c181a0d0,0x00000000eab00000)
 Metaspace       used 20668K, capacity 20943K, committed 21120K, reserved 1069056K
  class space    used 2330K, capacity 2408K, committed 2432K, reserved 1048576K
Event: 17.904 GC heap after
Heap after GC invocations=5 (full 2):
 PSYoungGen      total 305664K, used 25663K [0x00000000eab00000, 0x0000000100000000, 0x0000000100000000)
  eden space 262144K, 0% used [0x00000000eab00000,0x00000000eab00000,0x00000000fab00000)
  from space 43520K, 58% used [0x00000000fab00000,0x00000000fc40ff30,0x00000000fd580000)
  to   space 43520K, 0% used [0x00000000fd580000,0x00000000fd580000,0x0000000100000000)
 ParOldGen       total 699392K, used 24688K [0x00000000c0000000, 0x00000000eab00000, 0x00000000eab00000)
  object space 699392K, 3% used [0x00000000c0000000,0x00000000c181c0d0,0x00000000eab00000)
 Metaspace       used 20668K, capacity 20943K, committed 21120K, reserved 1069056K
  class space    used 2330K, capacity 2408K, committed 2432K, reserved 1048576K
}
Event: 17.904 GC heap before
{Heap before GC invocations=6 (full 3):
 PSYoungGen      total 305664K, used 25663K [0x00000000eab00000, 0x0000000100000000, 0x0000000100000000)
  eden space 262144K, 0% used [0x00000000eab00000,0x00000000eab00000,0x00000000fab00000)
  from space 43520K, 58% used [0x00000000fab00000,0x00000000fc40ff30,0x00000000fd580000)
  to   space 43520K, 0% used [0x00000000fd580000,0x00000000fd580000,0x0000000100000000)
 ParOldGen       total 699392K, used 24688K [0x00000000c0000000, 0x00000000eab00000, 0x00000000eab00000)
  object space 699392K, 3% used [0x00000000c0000000,0x00000000c181c0d0,0x00000000eab00000)
 Metaspace       used 20668K, capacity 20943K, committed 21120K, reserved 1069056K
  class space    used 2330K, capacity 2408K, committed 2432K, reserved 1048576K
Event: 18.100 GC heap after
Heap after GC invocations=6 (full 3):
 PSYoungGen      total 305664K, used 0K [0x00000000eab00000, 0x0000000100000000, 0x0000000100000000)
  eden space 262144K, 0% used [0x00000000eab00000,0x00000000eab00000,0x00000000fab00000)
  from space 43520K, 0% used [0x00000000fab00000,0x00000000fab00000,0x00000000fd580000)
  to   space 43520K, 0% used [0x00000000fd580000,0x00000000fd580000,0x0000000100000000)
 ParOldGen       total 699392K, used 49025K [0x00000000c0000000, 0x00000000eab00000, 0x00000000eab00000)
  object space 699392K, 7% used [0x00000000c0000000,0x00000000c2fe04e8,0x00000000eab00000)
 Metaspace       used 20668K, capacity 20943K, committed 21120K, reserved 1069056K
  class space    used 2330K, capacity 2408K, committed 2432K, reserved 1048576K
}

Deoptimization events (10 events):
Event: 18.191 Thread 0x0000025c7c4e6800 Uncommon trap: reason=unstable_if action=reinterpret pc=0x0000025c0049d96c method=net.minecraft.src.Tessellator.addVertex(DDD)V @ 501
Event: 18.208 Thread 0x0000025c7c4e6800 Uncommon trap: reason=unstable_if action=reinterpret pc=0x0000025c0052dcb0 method=net.minecraft.src.Tessellator.draw()I @ 22
Event: 18.217 Thread 0x0000025c7c4e6800 Uncommon trap: reason=unstable_if action=reinterpret pc=0x0000025c0051bb8c method=net.minecraft.src.Tessellator.startDrawing(I)V @ 61
Event: 18.246 Thread 0x0000025c7c4e6800 Uncommon trap: reason=unstable_if action=reinterpret pc=0x0000025c00216484 method=net.minecraft.src.ChunkCache.getBlockMaterial(III)Lnet/minecraft/src/Material; @ 19
Event: 18.357 Thread 0x0000025c7c4e6800 Uncommon trap: reason=unstable_if action=reinterpret pc=0x0000025c00136e5c method=net.minecraft.src.ChunkCache.getSkyBlockTypeBrightness(Lnet/minecraft/src/EnumSkyBlock;III)I @ 66
Event: 18.476 Thread 0x0000025c7c4e6800 Uncommon trap: reason=unstable_if action=reinterpret pc=0x0000025c004211c4 method=java.util.HashMap.putVal(ILjava/lang/Object;Ljava/lang/Object;ZZ)Ljava/lang/Object; @ 162
Event: 20.657 Thread 0x0000025c7c4e6800 Uncommon trap: reason=unstable_if action=reinterpret pc=0x0000025c0011200c method=net.minecraft.src.BlockFluid.shouldSideBeRendered(Lnet/minecraft/src/IBlockAccess;IIII)Z @ 40
Event: 21.951 Thread 0x0000025c7c4e6800 Uncommon trap: reason=unstable_if action=reinterpret pc=0x0000025c00774e6c method=net.minecraft.src.TextureLavaFlowFX.onTick()V @ 421
Event: 22.039 Thread 0x0000025c7c4e6800 Uncommon trap: reason=unstable_if action=reinterpret pc=0x0000025c00755248 method=net.minecraft.src.TextureLavaFlowFX.onTick()V @ 421
Event: 22.091 Thread 0x0000025c7c4e6800 Uncommon trap: reason=unstable_if action=reinterpret pc=0x0000025c007d49b8 method=net.minecraft.src.TextureWaterFlowFX.onTick()V @ 286

Classes redefined (0 events):
No events

Internal exceptions (10 events):
Event: 21.919 Thread 0x0000025c7cbb2000 Exception <a 'java/lang/InterruptedException': sleep interrupted> (0x00000000ef312ec0) thrown at [C:\jenkins\workspace\Zulu\zulu-platform-build\27969\zulu-src.git\hotspot\src\share\vm\prims\jvm.cpp, line 3374]
Event: 21.920 Thread 0x0000025c7cbb2000 Exception <a 'java/lang/InterruptedException': sleep interrupted> (0x00000000ef313168) thrown at [C:\jenkins\workspace\Zulu\zulu-platform-build\27969\zulu-src.git\hotspot\src\share\vm\prims\jvm.cpp, line 3327]
Event: 21.959 Thread 0x0000025c7cbb2000 Exception <a 'java/lang/InterruptedException': sleep interrupted> (0x00000000ef3133c0) thrown at [C:\jenkins\workspace\Zulu\zulu-platform-build\27969\zulu-src.git\hotspot\src\share\vm\prims\jvm.cpp, line 3374]
Event: 21.959 Thread 0x0000025c7cbb2000 Exception <a 'java/lang/InterruptedException': sleep interrupted> (0x00000000ef313668) thrown at [C:\jenkins\workspace\Zulu\zulu-platform-build\27969\zulu-src.git\hotspot\src\share\vm\prims\jvm.cpp, line 3374]
Event: 21.994 Thread 0x0000025c7cbb2000 Exception <a 'java/lang/InterruptedException': sleep interrupted> (0x00000000ef3138c0) thrown at [C:\jenkins\workspace\Zulu\zulu-platform-build\27969\zulu-src.git\hotspot\src\share\vm\prims\jvm.cpp, line 3374]
Event: 21.994 Thread 0x0000025c7cbb2000 Exception <a 'java/lang/InterruptedException': sleep interrupted> (0x00000000ef313b68) thrown at [C:\jenkins\workspace\Zulu\zulu-platform-build\27969\zulu-src.git\hotspot\src\share\vm\prims\jvm.cpp, line 3327]
Event: 22.050 Thread 0x0000025c7cbb2000 Exception <a 'java/lang/InterruptedException': sleep interrupted> (0x00000000ef313dc0) thrown at [C:\jenkins\workspace\Zulu\zulu-platform-build\27969\zulu-src.git\hotspot\src\share\vm\prims\jvm.cpp, line 3374]
Event: 22.051 Thread 0x0000025c7cbb2000 Exception <a 'java/lang/InterruptedException': sleep interrupted> (0x00000000ef314040) thrown at [C:\jenkins\workspace\Zulu\zulu-platform-build\27969\zulu-src.git\hotspot\src\share\vm\prims\jvm.cpp, line 3374]
Event: 22.102 Thread 0x0000025c7cbb2000 Exception <a 'java/lang/InterruptedException': sleep interrupted> (0x00000000ef3142c0) thrown at [C:\jenkins\workspace\Zulu\zulu-platform-build\27969\zulu-src.git\hotspot\src\share\vm\prims\jvm.cpp, line 3374]
Event: 22.102 Thread 0x0000025c7cbb2000 Exception <a 'java/lang/InterruptedException': sleep interrupted> (0x00000000ef314568) thrown at [C:\jenkins\workspace\Zulu\zulu-platform-build\27969\zulu-src.git\hotspot\src\share\vm\prims\jvm.cpp, line 3374]

Events (10 events):
Event: 21.951 Thread 0x0000025c7c4e6800 DEOPT PACKING pc=0x0000025c00774e6c sp=0x000000a81f2fed60
Event: 21.951 Thread 0x0000025c7c4e6800 DEOPT UNPACKING pc=0x0000025c00045683 sp=0x000000a81f2fece0 mode 2
Event: 22.036 Thread 0x0000025c7c4e6800 DEOPT PACKING pc=0x0000025c00798fa8 sp=0x000000a81f2fecf0
Event: 22.036 Thread 0x0000025c7c4e6800 DEOPT UNPACKING pc=0x0000025c000472d8 sp=0x000000a81f2fea30 mode 0
Event: 22.039 Thread 0x0000025c7c4e6800 Uncommon trap: trap_request=0xffffff65 fr.pc=0x0000025c00755248
Event: 22.039 Thread 0x0000025c7c4e6800 DEOPT PACKING pc=0x0000025c00755248 sp=0x000000a81f2fed50
Event: 22.041 Thread 0x0000025c7c4e6800 DEOPT UNPACKING pc=0x0000025c00045683 sp=0x000000a81f2fecf0 mode 2
Event: 22.091 Thread 0x0000025c7c4e6800 Uncommon trap: trap_request=0xffffff65 fr.pc=0x0000025c007d49b8
Event: 22.091 Thread 0x0000025c7c4e6800 DEOPT PACKING pc=0x0000025c007d49b8 sp=0x000000a81f2fed70
Event: 22.091 Thread 0x0000025c7c4e6800 DEOPT UNPACKING pc=0x0000025c00045683 sp=0x000000a81f2fecc8 mode 2


Dynamic libraries:
0x00007ff7fedc0000 - 0x00007ff7fee11000 	C:\cosas\zulu8.78.0.19-ca-jdk8.0.412-win_x64\bin\javaw.exe
0x00007ffa018c0000 - 0x00007ffa01aad000 	C:\Windows\SYSTEM32\ntdll.dll
0x00007ffa00d80000 - 0x00007ffa00e33000 	C:\Windows\System32\KERNEL32.DLL
0x00007ff9fd9f0000 - 0x00007ff9fdc83000 	C:\Windows\System32\KERNELBASE.dll
0x00007ffa00920000 - 0x00007ffa009c3000 	C:\Windows\System32\ADVAPI32.dll
0x00007ffa00850000 - 0x00007ffa008ee000 	C:\Windows\System32\msvcrt.dll
0x00007ff9fef30000 - 0x00007ff9fefce000 	C:\Windows\System32\sechost.dll
0x00007ffa004d0000 - 0x00007ffa005f2000 	C:\Windows\System32\RPCRT4.dll
0x00007ffa006b0000 - 0x00007ffa00847000 	C:\Windows\System32\USER32.dll
0x00007ff9fdf60000 - 0x00007ff9fdf80000 	C:\Windows\System32\win32u.dll
0x00007ffa00eb0000 - 0x00007ffa00ed9000 	C:\Windows\System32\GDI32.dll
0x00007ff9fddc0000 - 0x00007ff9fdf5a000 	C:\Windows\System32\gdi32full.dll
0x00007ff9fe6d0000 - 0x00007ff9fe770000 	C:\Windows\System32\msvcp_win.dll
0x00007ff9fe7a0000 - 0x00007ff9fe89c000 	C:\Windows\System32\ucrtbase.dll
0x00007ff9ec730000 - 0x00007ff9ec9a9000 	C:\Windows\WinSxS\amd64_microsoft.windows.common-controls_6595b64144ccf1df_6.0.17763.253_none_05b2388e0721fece\COMCTL32.dll
0x00007ffa01560000 - 0x00007ffa0188d000 	C:\Windows\System32\combase.dll
0x00007ff9fdc90000 - 0x00007ff9fdd0e000 	C:\Windows\System32\bcryptPrimitives.dll
0x00007ffa01530000 - 0x00007ffa0155e000 	C:\Windows\System32\IMM32.DLL
0x00007ff9efb70000 - 0x00007ff9efb85000 	C:\cosas\zulu8.78.0.19-ca-jdk8.0.412-win_x64\jre\bin\vcruntime140.dll
0x00007ff9d8000000 - 0x00007ff9d809b000 	C:\cosas\zulu8.78.0.19-ca-jdk8.0.412-win_x64\jre\bin\msvcp140.dll
0x00000000500f0000 - 0x0000000050961000 	C:\cosas\zulu8.78.0.19-ca-jdk8.0.412-win_x64\jre\bin\server\jvm.dll
0x00007ffa004c0000 - 0x00007ffa004c8000 	C:\Windows\System32\PSAPI.DLL
0x00007ff9fb200000 - 0x00007ff9fb224000 	C:\Windows\SYSTEM32\WINMM.dll
0x00007ff9ed630000 - 0x00007ff9ed63a000 	C:\Windows\SYSTEM32\VERSION.dll
0x00007ff9f4710000 - 0x00007ff9f4719000 	C:\Windows\SYSTEM32\WSOCK32.dll
0x00007ffa00d10000 - 0x00007ffa00d7d000 	C:\Windows\System32\WS2_32.dll
0x00007ff9fb1d0000 - 0x00007ff9fb1fd000 	C:\Windows\SYSTEM32\winmmbase.dll
0x00007ff9feaa0000 - 0x00007ff9feaea000 	C:\Windows\System32\cfgmgr32.dll
0x00007ff9fd8e0000 - 0x00007ff9fd8f1000 	C:\Windows\System32\kernel.appcore.dll
0x00007ff9f3690000 - 0x00007ff9f36a0000 	C:\cosas\zulu8.78.0.19-ca-jdk8.0.412-win_x64\jre\bin\verify.dll
0x00007ff9e8350000 - 0x00007ff9e837b000 	C:\cosas\zulu8.78.0.19-ca-jdk8.0.412-win_x64\jre\bin\java.dll
0x00007ff9e7410000 - 0x00007ff9e7428000 	C:\cosas\zulu8.78.0.19-ca-jdk8.0.412-win_x64\jre\bin\zip.dll
0x00007ff9fefd0000 - 0x00007ffa004bf000 	C:\Windows\System32\SHELL32.dll
0x00007ffa009d0000 - 0x00007ffa00a78000 	C:\Windows\System32\shcore.dll
0x00007ff9fdf80000 - 0x00007ff9fe6ca000 	C:\Windows\System32\windows.storage.dll
0x00007ff9fd960000 - 0x00007ff9fd984000 	C:\Windows\System32\profapi.dll
0x00007ff9fd900000 - 0x00007ff9fd95d000 	C:\Windows\System32\powrprof.dll
0x00007ffa014d0000 - 0x00007ffa01522000 	C:\Windows\System32\shlwapi.dll
0x00007ff9fe8a0000 - 0x00007ff9fe8b7000 	C:\Windows\System32\cryptsp.dll
0x00007ff9d3880000 - 0x00007ff9d3a14000 	C:\cosas\zulu8.78.0.19-ca-jdk8.0.412-win_x64\jre\bin\awt.dll
0x00007ff9fecb0000 - 0x00007ff9fed7b000 	C:\Windows\System32\OLEAUT32.dll
0x00007ff9fb880000 - 0x00007ff9fb90c000 	C:\Windows\SYSTEM32\apphelp.dll
0x00007ff9fbf10000 - 0x00007ff9fbf3e000 	C:\Windows\system32\DWMAPI.DLL
0x00007ff9fe8c0000 - 0x00007ff9fea9b000 	C:\Windows\System32\CRYPT32.dll
0x00007ff9fd8c0000 - 0x00007ff9fd8d2000 	C:\Windows\System32\MSASN1.dll
0x00007ff9fbb00000 - 0x00007ff9fbb9c000 	C:\Windows\system32\uxtheme.dll
0x00007ff9f33a0000 - 0x00007ff9f34c7000 	C:\Windows\system32\opengl32.dll
0x00007ff9fb690000 - 0x00007ff9fb6bc000 	C:\Windows\SYSTEM32\GLU32.dll
0x00007ffa01360000 - 0x00007ffa014ca000 	C:\Windows\System32\MSCTF.dll
0x00007ff9feb50000 - 0x00007ff9feca5000 	C:\Windows\System32\ole32.dll
0x00007ff9e6010000 - 0x00007ff9e60b0000 	C:\cosas\zulu8.78.0.19-ca-jdk8.0.412-win_x64\jre\bin\freetype.dll
0x00007ff9e70f0000 - 0x00007ff9e713c000 	C:\cosas\zulu8.78.0.19-ca-jdk8.0.412-win_x64\jre\bin\fontmanager.dll
0x00007ff9f29b0000 - 0x00007ff9f2a45000 	C:\Windows\System32\TextInputFramework.dll
0x00007ff9f93d0000 - 0x00007ff9f96f2000 	C:\Windows\System32\CoreUIComponents.dll
0x00007ff9fb5a0000 - 0x00007ff9fb682000 	C:\Windows\System32\CoreMessaging.dll
0x00007ff9fd360000 - 0x00007ff9fd391000 	C:\Windows\SYSTEM32\ntmarta.dll
0x00007ff9f9270000 - 0x00007ff9f93c3000 	C:\Windows\SYSTEM32\wintypes.dll
0x0000000180000000 - 0x0000000180053000 	D:\Cosas\Inslands\Main\lib\client\natives\lwjgl64.dll
0x00007ff9ed480000 - 0x00007ff9ed487000 	C:\cosas\zulu8.78.0.19-ca-jdk8.0.412-win_x64\jre\bin\jawt.dll
0x00007ff9bbb10000 - 0x00007ff9bc826000 	C:\Windows\SYSTEM32\ig8icd64.dll
0x00007ff9fa1c0000 - 0x00007ff9fa1d3000 	C:\Windows\SYSTEM32\WTSAPI32.dll
0x00007ff9f71f0000 - 0x00007ff9f7c2f000 	C:\Windows\SYSTEM32\igdusc64.dll
0x00007ff9fc280000 - 0x00007ff9fc342000 	C:\Windows\SYSTEM32\dxgi.dll
0x00007ff9fa360000 - 0x00007ff9fa5de000 	C:\Windows\SYSTEM32\d3d11.dll
0x00007ff9f7fc0000 - 0x00007ff9f8f19000 	C:\Windows\SYSTEM32\igd10iumd64.dll
0x00007ff9fe770000 - 0x00007ff9fe796000 	C:\Windows\System32\bcrypt.dll
0x00007ff9fcfd0000 - 0x00007ff9fcff6000 	C:\Windows\SYSTEM32\ncrypt.dll
0x00007ff9fcf90000 - 0x00007ff9fcfcc000 	C:\Windows\SYSTEM32\NTASN1.dll
0x00007ff9fc8d0000 - 0x00007ff9fc903000 	C:\Windows\system32\rsaenh.dll
0x00007ff9fd7c0000 - 0x00007ff9fd7e8000 	C:\Windows\SYSTEM32\USERENV.dll
0x00007ff9fcee0000 - 0x00007ff9fceec000 	C:\Windows\SYSTEM32\CRYPTBASE.dll
0x00007ff9e72f0000 - 0x00007ff9e730c000 	C:\cosas\zulu8.78.0.19-ca-jdk8.0.412-win_x64\jre\bin\net.dll
0x00007ff9fcd10000 - 0x00007ff9fcd77000 	C:\Windows\system32\mswsock.dll
0x00007ff9fca70000 - 0x00007ff9fcaad000 	C:\Windows\SYSTEM32\IPHLPAPI.DLL
0x00007ffa00e40000 - 0x00007ffa00e48000 	C:\Windows\System32\NSI.dll
0x00007ff9f4500000 - 0x00007ff9f4516000 	C:\Windows\SYSTEM32\dhcpcsvc6.DLL
0x00007ff9f4e10000 - 0x00007ff9f4e2c000 	C:\Windows\SYSTEM32\dhcpcsvc.DLL
0x00007ff9fcab0000 - 0x00007ff9fcb76000 	C:\Windows\SYSTEM32\DNSAPI.dll
0x00007ff9e72d0000 - 0x00007ff9e72e3000 	C:\cosas\zulu8.78.0.19-ca-jdk8.0.412-win_x64\jre\bin\nio.dll
0x0000025cc3e80000 - 0x0000025cc3ee4000 	D:\Cosas\Inslands\Main\lib\client\natives\OpenAL64.dll
0x00007ffa00600000 - 0x00007ffa006a2000 	C:\Windows\System32\clbcatq.dll
0x00007ff9eff70000 - 0x00007ff9effe0000 	C:\Windows\System32\MMDevApi.dll
0x00007ff9fd6d0000 - 0x00007ff9fd6f9000 	C:\Windows\System32\DEVOBJ.dll
0x00007ff9f9fe0000 - 0x00007ff9fa188000 	C:\Windows\System32\PROPSYS.dll
0x00007ff9d9420000 - 0x00007ff9d94b6000 	C:\Windows\SYSTEM32\dsound.dll
0x00007ff9e4540000 - 0x00007ff9e4688000 	C:\Windows\SYSTEM32\AUDIOSES.DLL
0x00007ff9f9ca0000 - 0x00007ff9f9caa000 	C:\Windows\SYSTEM32\AVRT.dll
0x00007ff9f1050000 - 0x00007ff9f105a000 	C:\Windows\System32\rasadhlp.dll
0x00007ff9f0220000 - 0x00007ff9f0299000 	C:\Windows\System32\fwpuclnt.dll

VM Arguments:
jvm_args: -Xmx1024M -Xms1024M -Djava.util.Arrays.useLegacyMergeSort=true -Dhttp.proxyHost=betacraft.uk -Dhttp.proxyPort=11705 -Djava.library.path=D:\Cosas\Inslands\Main\lib\client\natives -Dfile.encoding=Cp1252 
java_command: Start Popoch
java_class_path (initial): D:\Cosas\Inslands\Main\workspace\Client\bin;D:\Cosas\Inslands\Main\lib\client\jinput.jar;D:\Cosas\Inslands\Main\lib\client\lwjgl_util.jar;D:\Cosas\Inslands\Main\lib\client\lwjgl.jar;D:\Cosas\Inslands\Main\lib\client\minecraft.jar
Launcher Type: SUN_STANDARD

Environment Variables:
JAVA_HOME=C:\cosas\zulu8.78.0.19-ca-jdk8.0.412-win_x64\
PATH=D:/Cosas/eclipse//plugins/org.eclipse.justj.openjdk.hotspot.jre.full.win32.x86_64_15.0.1.v20201027-0507/jre/bin/server;D:/Cosas/eclipse//plugins/org.eclipse.justj.openjdk.hotspot.jre.full.win32.x86_64_15.0.1.v20201027-0507/jre/bin;C:\cosas\zulu8.78.0.19-ca-jdk8.0.412-win_x64\bin;C:\Windows\system32;C:\Windows;C:\Windows\System32\Wbem;C:\Windows\System32\WindowsPowerShell\v1.0\;C:\Windows\System32\OpenSSH\;C:\Program Files\Git\cmd;C:\Program Files\Git\mingw64\bin;C:\Program Files\Git\usr\bin;C:\Program Files (x86)\PC-BASIC 2.0\;C:\Program Files\WinMerge;C:\Users\Popotoch\AppData\Local\Microsoft\WindowsApps;;D:\Cosas\eclipse;
USERNAME=Popotoch
OS=Windows_NT
PROCESSOR_IDENTIFIER=Intel64 Family 6 Model 76 Stepping 4, GenuineIntel



---------------  S Y S T E M  ---------------

OS: Windows 10 , 64 bit Build 17763 (10.0.17763.1)

CPU:total 4 (initial active 4) (4 cores per cpu, 1 threads per core) family 6 model 76 stepping 4, cmov, cx8, fxsr, mmx, sse, sse2, sse3, ssse3, sse4.1, sse4.2, popcnt, aes, clmul, erms, 3dnowpref, tsc, tscinvbit

Memory: 4k page, physical 2019428k(625920k free), swap 5757408k(2432k free)

vm_info: OpenJDK 64-Bit Server VM (25.412-b08) for windows-amd64 JRE (Zulu 8.78.0.19-CA-win64) (1.8.0_412-b08), built on Mar 28 2024 10:49:41 by "abrygin" with MS VC++ 15.9 (VS2017)

time: Mon Jul 15 17:09:01 2024
timezone: Hora de verano romance
elapsed time: 22.203191 seconds (0d 0h 0m 22s)

