2023-05-18 22:29:25 [INFO] Starting minecraft server version InSlands v0.1
2023-05-18 22:29:25 [INFO] Loading properties
2023-05-18 22:29:25 [WARNING] server.properties does not exist
2023-05-18 22:29:25 [INFO] Generating new properties file
2023-05-18 22:29:25 [INFO] Starting Minecraft server on *:25565
2023-05-18 22:29:25 [WARNING] Failed to load ban list: java.io.FileNotFoundException: banned-players.txt (El sistema no puede encontrar el archivo especificado)
2023-05-18 22:29:25 [WARNING] Failed to load ip ban list: java.io.FileNotFoundException: banned-ips.txt (El sistema no puede encontrar el archivo especificado)
2023-05-18 22:29:25 [WARNING] Failed to load ip ban list: java.io.FileNotFoundException: ops.txt (El sistema no puede encontrar el archivo especificado)
2023-05-18 22:29:25 [WARNING] Failed to load white-list: java.io.FileNotFoundException: white-list.txt (El sistema no puede encontrar el archivo especificado)
2023-05-18 22:29:25 [INFO] Preparing level "world"
2023-05-18 22:29:25 [INFO] Preparing start region for level 0
2023-05-18 22:29:26 [INFO] Preparing spawn area: 32%
2023-05-18 22:29:27 [INFO] Preparing spawn area: 61%
2023-05-18 22:29:28 [INFO] Preparing start region for level 1
2023-05-18 22:29:28 [INFO] Preparing spawn area: 0%
2023-05-18 22:29:29 [INFO] Preparing spawn area: 28%
2023-05-18 22:29:30 [INFO] Preparing spawn area: 44%
2023-05-18 22:29:32 [INFO] Preparing spawn area: 61%
2023-05-18 22:29:33 [INFO] Preparing spawn area: 69%
2023-05-18 22:29:34 [INFO] Preparing spawn area: 81%
2023-05-18 22:29:34 [INFO] Done (9219342300ns)! For help, type "help" or "?"
2023-05-18 22:29:48 [INFO] /127.0.0.1:62712 lost connection
2023-05-18 22:34:05 [INFO] Stopping server
2023-05-18 22:34:05 [INFO] Saving chunks
2023-05-18 22:34:05 [INFO] Saving chunks
2023-05-18 22:49:49 [INFO] Starting minecraft server version InSlands v0.1
2023-05-18 22:49:49 [INFO] Loading properties
2023-05-18 22:49:49 [INFO] Starting Minecraft server on *:25565
2023-05-18 22:49:49 [INFO] Preparing level "world"
2023-05-18 22:49:49 [INFO] Preparing start region for level 0
2023-05-18 22:49:49 [INFO] Preparing start region for level 1
2023-05-18 22:49:50 [INFO] Preparing spawn area: 20%
2023-05-18 22:49:50 [INFO] Done (1410292600ns)! For help, type "help" or "?"
2023-05-18 22:50:00 [INFO] /127.0.0.1:62842 lost connection
2023-05-18 22:50:45 [INFO] /127.0.0.1:62860 lost connection
2023-05-18 22:51:20 [INFO] /127.0.0.1:62880 lost connection
2023-05-18 22:51:51 [INFO] Stopping server
2023-05-18 22:51:51 [INFO] Saving chunks
2023-05-18 22:51:51 [INFO] Saving chunks
2023-05-18 22:52:53 [INFO] Starting minecraft server version InSlands v0.1
2023-05-18 22:52:53 [INFO] Loading properties
2023-05-18 22:52:53 [INFO] Starting Minecraft server on *:25565
2023-05-18 22:52:53 [WARNING] **** SERVER IS RUNNING IN OFFLINE/INSECURE MODE!
2023-05-18 22:52:53 [WARNING] The server will make no attempt to authenticate usernames. Beware.
2023-05-18 22:52:53 [WARNING] While this makes the game possible to play without internet access, it also opens up the ability for hackers to connect with any username they choose.
2023-05-18 22:52:53 [WARNING] To change this, set "online-mode" to "true" in the server.settings file.
2023-05-18 22:52:53 [INFO] Preparing level "world"
2023-05-18 22:52:53 [INFO] Preparing start region for level 0
2023-05-18 22:52:54 [INFO] Preparing start region for level 1
2023-05-18 22:52:54 [INFO] Done (949102500ns)! For help, type "help" or "?"
2023-05-18 22:53:00 [WARNING] Failed to load player data for Player581
2023-05-18 22:53:00 [INFO] Player581 [/127.0.0.1:62917] logged in with entity id 0 at (116.5, 75.62000000476837, 115.5)
2023-05-18 22:53:17 [INFO] Player581 lost connection: disconnect.genericReason
2023-05-18 22:53:18 [INFO] Stopping server
2023-05-18 22:53:18 [INFO] Saving chunks
2023-05-18 22:53:18 [INFO] Saving chunks
2023-05-18 22:53:39 [INFO] Starting minecraft server version InSlands v0.1
2023-05-18 22:53:39 [INFO] Loading properties
2023-05-18 22:53:39 [INFO] Starting Minecraft server on *:25565
2023-05-18 22:53:39 [WARNING] **** SERVER IS RUNNING IN OFFLINE/INSECURE MODE!
2023-05-18 22:53:39 [WARNING] The server will make no attempt to authenticate usernames. Beware.
2023-05-18 22:53:39 [WARNING] While this makes the game possible to play without internet access, it also opens up the ability for hackers to connect with any username they choose.
2023-05-18 22:53:39 [WARNING] To change this, set "online-mode" to "true" in the server.settings file.
2023-05-18 22:53:39 [INFO] Preparing level "world"
2023-05-18 22:53:39 [INFO] Preparing start region for level 0
2023-05-18 22:53:40 [INFO] Preparing start region for level 1
2023-05-18 22:53:40 [INFO] Done (989656600ns)! For help, type "help" or "?"
2023-05-18 22:53:45 [WARNING] Failed to load player data for Player913
2023-05-18 22:53:45 [INFO] Player913 [/127.0.0.1:62939] logged in with entity id 90 at (120.5, 75.62000000476837, 126.5)
2023-05-18 22:54:04 [INFO] Player913 lost connection: disconnect.genericReason
2023-05-18 22:54:18 [INFO] Stopping server
2023-05-18 22:54:18 [INFO] Saving chunks
2023-05-18 22:54:18 [INFO] Saving chunks
2023-05-18 23:04:40 [INFO] Starting minecraft server version InSlands v0.1
2023-05-18 23:04:40 [INFO] Loading properties
2023-05-18 23:04:40 [INFO] Starting Minecraft server on *:25565
2023-05-18 23:04:40 [WARNING] **** SERVER IS RUNNING IN OFFLINE/INSECURE MODE!
2023-05-18 23:04:40 [WARNING] The server will make no attempt to authenticate usernames. Beware.
2023-05-18 23:04:40 [WARNING] While this makes the game possible to play without internet access, it also opens up the ability for hackers to connect with any username they choose.
2023-05-18 23:04:40 [WARNING] To change this, set "online-mode" to "true" in the server.settings file.
2023-05-18 23:04:40 [INFO] Preparing level "world"
2023-05-18 23:04:40 [INFO] Preparing start region for level 0
2023-05-18 23:04:41 [INFO] Preparing start region for level 1
2023-05-18 23:04:41 [INFO] Preparing spawn area: 24%
2023-05-18 23:04:41 [INFO] Done (1376262500ns)! For help, type "help" or "?"
2023-05-18 23:04:48 [WARNING] Failed to load player data for Player346
2023-05-18 23:04:48 [INFO] Player346 [/127.0.0.1:63003] logged in with entity id 92 at (118.5, 75.62000000476837, 120.5)
2023-05-18 23:06:25 [INFO] Player346 lost connection: disconnect.quitting
2023-05-18 23:06:27 [INFO] Stopping server
2023-05-18 23:06:27 [INFO] Saving chunks
2023-05-18 23:06:27 [INFO] Saving chunks
2024-01-11 21:00:32 [INFO] Starting minecraft server InSlands v0.3
2024-01-11 21:00:32 [INFO] Loading properties
2024-01-11 21:00:32 [INFO] Starting Minecraft server on *:25565
2024-01-11 21:00:32 [WARNING] **** SERVER IS RUNNING IN OFFLINE/INSECURE MODE!
2024-01-11 21:00:32 [WARNING] The server will make no attempt to authenticate usernames. Beware.
2024-01-11 21:00:33 [WARNING] While this makes the game possible to play without internet access, it also opens up the ability for hackers to connect with any username they choose.
2024-01-11 21:00:33 [WARNING] To change this, set "online-mode" to "true" in the server.settings file.
2024-01-11 21:00:33 [INFO] Preparing level "world"
2024-01-11 21:00:35 [SEVERE] Unexpected exception
java.lang.NullPointerException
	at net.minecraft.src.WorldServer.obtainEntitySkin(WorldServer.java:66)
	at net.minecraft.src.World.entityJoinedWorld(World.java:1128)
	at net.minecraft.src.Block.dropBlockAsItem_do(Block.java:446)
	at net.minecraft.src.Block.dropBlockAsItemWithChance(Block.java:430)
	at net.minecraft.src.Block.dropBlockAsItem(Block.java:419)
	at net.minecraft.src.BlockTorch.checkIfAttachedToBlock(BlockTorch.java:127)
	at net.minecraft.src.BlockTorch.onBlockAdded(BlockTorch.java:90)
	at net.minecraft.src.Chunk.setBlockIDWithMetadata(Chunk.java:394)
	at net.minecraft.src.Chunk.setBlockID(Chunk.java:473)
	at net.minecraft.src.World.setBlock(World.java:467)
	at net.minecraft.src.World.setBlockWithNotify(World.java:552)
	at net.minecraft.src.WorldGenIndevHouse.generate(WorldGenIndevHouse.java:58)
	at net.minecraft.src.World.getInitialSpawnLocation(World.java:278)
	at net.minecraft.src.World.<init>(World.java:239)
	at net.minecraft.src.WorldServer.<init>(WorldServer.java:16)
	at net.minecraft.server.MinecraftServer.initWorld(MinecraftServer.java:168)
	at net.minecraft.server.MinecraftServer.startServer(MinecraftServer.java:150)
	at net.minecraft.server.MinecraftServer.run(MinecraftServer.java:257)
	at net.minecraft.src.ThreadServerApplication.run(ThreadServerApplication.java:14)
2024-01-11 21:02:02 [INFO] Stopping server
2024-01-11 21:02:06 [INFO] Starting minecraft server InSlands v0.3
2024-01-11 21:02:06 [INFO] Loading properties
2024-01-11 21:02:06 [INFO] Starting Minecraft server on *:25565
2024-01-11 21:02:06 [WARNING] **** SERVER IS RUNNING IN OFFLINE/INSECURE MODE!
2024-01-11 21:02:07 [WARNING] The server will make no attempt to authenticate usernames. Beware.
2024-01-11 21:02:07 [WARNING] While this makes the game possible to play without internet access, it also opens up the ability for hackers to connect with any username they choose.
2024-01-11 21:02:07 [WARNING] To change this, set "online-mode" to "true" in the server.settings file.
2024-01-11 21:02:07 [INFO] Preparing level "world"
2024-01-11 21:02:08 [INFO] Preparing start region for level 0
2024-01-11 21:02:09 [INFO] Preparing spawn area: 20%
2024-01-11 21:02:10 [INFO] Preparing spawn area: 24%
2024-01-11 21:02:11 [INFO] Preparing spawn area: 28%
2024-01-11 21:02:12 [INFO] Preparing spawn area: 32%
2024-01-11 21:02:13 [INFO] Preparing spawn area: 36%
2024-01-11 21:02:14 [INFO] Preparing spawn area: 40%
2024-01-11 21:02:15 [INFO] Preparing spawn area: 44%
2024-01-11 21:02:17 [INFO] Preparing spawn area: 48%
2024-01-11 21:02:18 [INFO] Preparing spawn area: 56%
2024-01-11 21:02:19 [INFO] Preparing spawn area: 61%
2024-01-11 21:02:20 [INFO] Preparing spawn area: 65%
2024-01-11 21:02:21 [INFO] Preparing spawn area: 69%
2024-01-11 21:02:22 [INFO] Preparing spawn area: 69%
2024-01-11 21:02:23 [INFO] Preparing spawn area: 73%
2024-01-11 21:02:24 [INFO] Preparing spawn area: 77%
2024-01-11 21:02:25 [INFO] Preparing spawn area: 81%
2024-01-11 21:02:26 [INFO] Preparing start region for level 1
2024-01-11 21:02:26 [INFO] Preparing spawn area: 0%
2024-01-11 21:02:27 [INFO] Preparing spawn area: 3%
2024-01-11 21:02:28 [INFO] Preparing spawn area: 20%
2024-01-11 21:02:30 [INFO] Preparing spawn area: 20%
2024-01-11 21:02:31 [INFO] Preparing spawn area: 24%
2024-01-11 21:02:32 [INFO] Preparing spawn area: 24%
2024-01-11 21:02:34 [INFO] Preparing spawn area: 28%
2024-01-11 21:02:36 [INFO] Preparing spawn area: 32%
2024-01-11 21:02:37 [INFO] Preparing spawn area: 40%
2024-01-11 21:02:38 [INFO] Preparing spawn area: 44%
2024-01-11 21:02:39 [INFO] Preparing spawn area: 44%
2024-01-11 21:02:40 [INFO] Preparing spawn area: 48%
2024-01-11 21:02:41 [INFO] Preparing spawn area: 52%
2024-01-11 21:02:42 [INFO] Preparing spawn area: 56%
2024-01-11 21:02:43 [INFO] Preparing spawn area: 61%
2024-01-11 21:02:44 [INFO] Preparing spawn area: 65%
2024-01-11 21:02:46 [INFO] Preparing spawn area: 65%
2024-01-11 21:02:47 [INFO] Preparing spawn area: 69%
2024-01-11 21:02:48 [INFO] Preparing spawn area: 73%
2024-01-11 21:02:49 [INFO] Preparing spawn area: 77%
2024-01-11 21:02:50 [INFO] Preparing spawn area: 81%
2024-01-11 21:02:52 [INFO] Preparing spawn area: 81%
2024-01-11 21:02:53 [INFO] Preparing spawn area: 81%
2024-01-11 21:02:54 [INFO] Preparing spawn area: 89%
2024-01-11 21:02:54 [INFO] Done (47361799300ns)! For help, type "help" or "?"
2024-01-11 21:02:59 [WARNING] Failed to load player data for Player446
2024-01-11 21:02:59 [INFO] Player446 [/127.0.0.1:61201] logged in with entity id 0 at (116.5, 73.62000000476837, 103.5)
2024-01-11 21:03:02 [WARNING] Can't keep up! Did the system time change, or is the server overloaded?
2024-01-11 21:03:14 [WARNING] Can't keep up! Did the system time change, or is the server overloaded?
2024-01-11 21:03:17 [WARNING] Can't keep up! Did the system time change, or is the server overloaded?
2024-01-11 21:04:35 [INFO] Player446 lost connection: disconnect.quitting
2024-01-11 21:05:21 [WARNING] Failed to load player data for Player128
2024-01-11 21:05:21 [INFO] Player128 [/127.0.0.1:61206] logged in with entity id 675 at (125.5, 77.62000000476837, 89.5)
2024-01-11 21:05:27 [WARNING] Can't keep up! Did the system time change, or is the server overloaded?
2024-01-11 21:05:30 [WARNING] Can't keep up! Did the system time change, or is the server overloaded?
2024-01-11 21:05:34 [WARNING] Can't keep up! Did the system time change, or is the server overloaded?
2024-01-11 21:05:37 [WARNING] Can't keep up! Did the system time change, or is the server overloaded?
2024-01-11 21:06:29 [INFO] Player128 lost connection: disconnect.quitting
2024-01-11 21:06:34 [INFO] Stopping server
2024-01-11 21:06:34 [INFO] Saving chunks
2024-01-11 21:06:35 [INFO] Saving chunks
